Build started 19/03/2023 18:31:24.
     1>Project "c:\Users\Anizawa\documents\visual studio 2010\Projects\WinNotas\WinNotas\WinNotas.vcxproj" on node 2 (build target(s)).
     1>InitializeBuildStatus:
         Creating "Debug\WinNotas.unsuccessfulbuild" because "AlwaysCreate" was specified.
       ClCompile:
         All outputs are up-to-date.
         C:\Program Files (x86)\Microsoft Visual Studio 10.0\VC\bin\CL.exe /c /ZI /nologo /W3 /WX- /Od /Oy- /D WIN32 /D _DEBUG /D _WINDOWS /D _UNICODE /D UNICODE /Gm /EHsc /RTC1 /MDd /GS /fp:precise /Zc:wchar_t /Zc:forScope /Yu"StdAfx.h" /Fp"Debug\WinNotas.pch" /Fo"Debug\\" /Fd"Debug\vc100.pdb" /Gd /TP /analyze- /errorReport:prompt WinNotas.cpp
         WinNotas.cpp
     1>c:\users\anizawa\documents\visual studio 2010\projects\winnotas\winnotas\winnotas.cpp(6): warning C4005: 'COLOR_BACKGROUND' : macro redefinition
                 c:\program files (x86)\microsoft sdks\windows\v7.0a\include\winuser.h(7849) : see previous definition of 'COLOR_BACKGROUND'
       ResourceCompile:
         All outputs are up-to-date.
       ManifestResourceCompile:
         All outputs are up-to-date.
       Link:
         C:\Program Files (x86)\Microsoft Visual Studio 10.0\VC\bin\link.exe /ERRORREPORT:PROMPT /OUT:"c:\users\anizawa\documents\visual studio 2010\Projects\WinNotas\Debug\WinNotas.exe" /INCREMENTAL /NOLOGO kernel32.lib user32.lib gdi32.lib winspool.lib comdlg32.lib advapi32.lib shell32.lib ole32.lib oleaut32.lib uuid.lib odbc32.lib odbccp32.lib /MANIFEST /ManifestFile:"Debug\WinNotas.exe.intermediate.manifest" /MANIFESTUAC:"level='asInvoker' uiAccess='false'" /DEBUG /PDB:"c:\users\anizawa\documents\visual studio 2010\Projects\WinNotas\Debug\WinNotas.pdb" /SUBSYSTEM:WINDOWS /TLBID:1 /DYNAMICBASE /NXCOMPAT /IMPLIB:"c:\users\anizawa\documents\visual studio 2010\Projects\WinNotas\Debug\WinNotas.lib" /MACHINE:X86 Debug\WinNotas.res
         Debug\WinNotas.exe.embed.manifest.res
         Debug\stdafx.obj
         Debug\WinNotas.obj
       Manifest:
         C:\Program Files (x86)\Microsoft SDKs\Windows\v7.0A\bin\mt.exe /nologo /verbose /out:"Debug\WinNotas.exe.embed.manifest" /manifest Debug\WinNotas.exe.intermediate.manifest
         All outputs are up-to-date.
       LinkEmbedManifest:
         All outputs are up-to-date.
         WinNotas.vcxproj -> c:\users\anizawa\documents\visual studio 2010\Projects\WinNotas\Debug\WinNotas.exe
       FinalizeBuildStatus:
         Deleting file "Debug\WinNotas.unsuccessfulbuild".
         Touching "Debug\WinNotas.lastbuildstate".
     1>Done Building Project "c:\Users\Anizawa\documents\visual studio 2010\Projects\WinNotas\WinNotas\WinNotas.vcxproj" (build target(s)).

Build succeeded.

Time Elapsed 00:00:00.74
